<?xml version="1.0" encoding="UTF-8"?>
<testng-results ignored="0" total="2" passed="2" failed="0" skipped="0">
  <reporter-output>
    <line>
      <![CDATA[launching browser]]>
    </line>
    <line>
      <![CDATA[waiting........]]>
    </line>
    <line>
      <![CDATA[Clicking on gender button]]>
    </line>
    <line>
      <![CDATA[Clicking on next button]]>
    </line>
    <line>
      <![CDATA[reading data from excel]]>
    </line>
    <line>
      <![CDATA[Handeling dropdown]]>
    </line>
    <line>
      <![CDATA[Clicking on next button]]>
    </line>
    <line>
      <![CDATA[reading data from excel]]>
    </line>
    <line>
      <![CDATA[entering pin code]]>
    </line>
    <line>
      <![CDATA[reading data from excel]]>
    </line>
    <line>
      <![CDATA[entering moblie number]]>
    </line>
    <line>
      <![CDATA[Clicking on next button]]>
    </line>
    <line>
      <![CDATA[validateBannersTC execution started ]]>
    </line>
    <line>
      <![CDATA[getPlanNumbersFromBanners]]>
    </line>
    <line>
      <![CDATA[getting getPlanNumbersFromString]]>
    </line>
    <line>
      <![CDATA[validatePresenceOfSortButtonTC execution started ]]>
    </line>
    <line>
      <![CDATA[checking sortPlanFilterIsDisplayed]]>
    </line>
    <line>
      <![CDATA[closing browser]]>
    </line>
  </reporter-output>
  <suite started-at="2024-08-18T01:50:46 IST" name="Default suite" finished-at="2024-08-18T01:51:04 IST" duration-ms="18338">
    <groups>
    </groups>
    <test started-at="2024-08-18T01:50:46 IST" name="Default test" finished-at="2024-08-18T01:51:04 IST" duration-ms="18338">
      <class name="coverFoxTest.CoverFoxTC1">
        <test-method is-config="true" signature="launchBrowser()[pri:0, instance:coverFoxTest.CoverFoxTC1@b2c9a9c]" started-at="2024-08-18T01:50:46 IST" name="launchBrowser" finished-at="2024-08-18T01:50:51 IST" duration-ms="5104" status="PASS">
          <reporter-output>
            <line>
              <![CDATA[launching browser]]>
            </line>
            <line>
              <![CDATA[waiting........]]>
            </line>
          </reporter-output>
        </test-method> <!-- launchBrowser -->
        <test-method is-config="true" signature="preConditions()[pri:0, instance:coverFoxTest.CoverFoxTC1@b2c9a9c]" started-at="2024-08-18T01:50:51 IST" name="preConditions" finished-at="2024-08-18T01:50:57 IST" duration-ms="5720" status="PASS">
          <reporter-output>
            <line>
              <![CDATA[Clicking on gender button]]>
            </line>
            <line>
              <![CDATA[Clicking on next button]]>
            </line>
            <line>
              <![CDATA[reading data from excel]]>
            </line>
            <line>
              <![CDATA[Handeling dropdown]]>
            </line>
            <line>
              <![CDATA[Clicking on next button]]>
            </line>
            <line>
              <![CDATA[reading data from excel]]>
            </line>
            <line>
              <![CDATA[entering pin code]]>
            </line>
            <line>
              <![CDATA[reading data from excel]]>
            </line>
            <line>
              <![CDATA[entering moblie number]]>
            </line>
            <line>
              <![CDATA[Clicking on next button]]>
            </line>
          </reporter-output>
        </test-method> <!-- preConditions -->
        <test-method signature="validateBanners()[pri:0, instance:coverFoxTest.CoverFoxTC1@b2c9a9c]" started-at="2024-08-18T01:50:57 IST" name="validateBanners" finished-at="2024-08-18T01:51:00 IST" duration-ms="3120" status="PASS">
          <reporter-output>
            <line>
              <![CDATA[validateBannersTC execution started ]]>
            </line>
            <line>
              <![CDATA[getPlanNumbersFromBanners]]>
            </line>
            <line>
              <![CDATA[getting getPlanNumbersFromString]]>
            </line>
          </reporter-output>
        </test-method> <!-- validateBanners -->
        <test-method signature="validatePresenceOfSortButton()[pri:0, instance:coverFoxTest.CoverFoxTC1@b2c9a9c]" started-at="2024-08-18T01:51:00 IST" name="validatePresenceOfSortButton" finished-at="2024-08-18T01:51:03 IST" duration-ms="3041" status="PASS">
          <reporter-output>
            <line>
              <![CDATA[validatePresenceOfSortButtonTC execution started ]]>
            </line>
            <line>
              <![CDATA[checking sortPlanFilterIsDisplayed]]>
            </line>
          </reporter-output>
        </test-method> <!-- validatePresenceOfSortButton -->
        <test-method is-config="true" signature="closeBrowser()[pri:0, instance:coverFoxTest.CoverFoxTC1@b2c9a9c]" started-at="2024-08-18T01:51:03 IST" name="closeBrowser" finished-at="2024-08-18T01:51:04 IST" duration-ms="1305" status="PASS">
          <reporter-output>
            <line>
              <![CDATA[closing browser]]>
            </line>
          </reporter-output>
        </test-method> <!-- closeBrowser -->
      </class> <!-- coverFoxTest.CoverFoxTC1 -->
    </test> <!-- Default test -->
  </suite> <!-- Default suite -->
</testng-results>
